<?xml version="1.0" encoding="UTF-8"?>
<!-- Generated by org.testng.reporters.JUnitReportReporter -->
<testsuite hostname="PRASAD" failures="0" tests="1" name="demopackage.launchbrowser1" time="15.135" errors="0" timestamp="2022-12-29T01:11:25 IST" skipped="0">
  <testcase classname="demopackage.launchbrowser1" name="browserLaunch" time="15.135"/>
  <system-out/>
</testsuite> <!-- demopackage.launchbrowser1 -->
